[2026-04-23 18:13:18] 🚀 自动同步服务已启动 (PID: 6181)
[2026-04-23 18:13:18] 📁 监控目录: /Users/wushaoqiang/Desktop/vpn/uuvpn-deploy
[2026-04-23 18:13:18] 🌐 远程仓库: https://github.com/wushaoqiang88/uuvpn-deploy.git
[2026-04-23 18:13:18] 👁️ 使用 fswatch 监控文件变化...
[2026-04-23 18:14:24] 🚀 自动同步服务已启动 (PID: 6665)
[2026-04-23 18:14:24] 📁 监控目录: /Users/wushaoqiang/Desktop/vpn/uuvpn-deploy
[2026-04-23 18:14:24] 🌐 远程仓库: https://github.com/wushaoqiang88/uuvpn-deploy.git
[2026-04-23 18:14:24] 👁️ 使用 fswatch 监控文件变化...
[2026-04-23 18:14:37] 📝 检测到文件变化，开始同步...
[2026-04-23 18:14:37] post-commit: 检测到新提交，开始推送...
To https://github.com/wushaoqiang88/uuvpn-deploy.git
   4652e5f..f8ac80a  main -> main
[2026-04-23 18:14:39] ✅ 推送成功: main
[2026-04-23 18:14:39] ✅ 提交成功: auto-sync: 2026-04-23 18:14:37
[2026-04-23 18:14:51] 📝 检测到文件变化，开始同步...
[2026-04-23 18:14:51] 📝 检测到文件变化，开始同步...
[2026-04-23 18:14:51] ⚠️ 提交失败或无变更
[2026-04-23 18:14:51] post-commit: 检测到新提交，开始推送...
To https://github.com/wushaoqiang88/uuvpn-deploy.git
   f8ac80a..a41eee8  main -> main
[2026-04-23 18:14:53] ✅ 推送成功: main
[2026-04-23 18:14:53] ✅ 提交成功: auto-sync: 2026-04-23 18:14:51
[2026-04-23 18:14:56] 📝 检测到文件变化，开始同步...
[2026-04-23 18:14:56] 📝 检测到文件变化，开始同步...
[2026-04-23 18:14:56] ⚠️ 提交失败或无变更
[2026-04-23 18:14:56] post-commit: 检测到新提交，开始推送...
To https://github.com/wushaoqiang88/uuvpn-deploy.git
   a41eee8..1a6e6ff  main -> main
[2026-04-23 18:14:58] ✅ 推送成功: main
[2026-04-23 18:14:58] ✅ 提交成功: auto-sync: 2026-04-23 18:14:56
[2026-04-23 18:14:59] 📝 检测到文件变化，开始同步...
